RUN	performance.UserSimulation	usersimulation	1621746713645	 	3.5.0
USER	Load Test	START	1621746713779
USER	Load Test	START	1621746713940
USER	Load Test	START	1621746714040
USER	Load Test	START	1621746713878
USER	Load Test	START	1621746713960
USER	Load Test	START	1621746713715
USER	Load Test	START	1621746713901
USER	Load Test	START	1621746713816
USER	Load Test	START	1621746713758
USER	Load Test	START	1621746714019
USER	Load Test	START	1621746713999
USER	Load Test	START	1621746713921
USER	Load Test	START	1621746713980
USER	Load Test	START	1621746713705
USER	Load Test	START	1621746713858
USER	Load Test	START	1621746714060
USER	Load Test	START	1621746713797
USER	Load Test	START	1621746713837
USER	Load Test	START	1621746713736
USER	Load Test	START	1621746714079
USER	Load Test	START	1621746714099
USER	Load Test	START	1621746714122
USER	Load Test	START	1621746714145
USER	Load Test	START	1621746714163
USER	Load Test	START	1621746714181
USER	Load Test	START	1621746714200
USER	Load Test	START	1621746714224
USER	Load Test	START	1621746714243
USER	Load Test	START	1621746714263
USER	Load Test	START	1621746714283
USER	Load Test	START	1621746714338
USER	Load Test	START	1621746714338
USER	Load Test	START	1621746714344
USER	Load Test	START	1621746714366
USER	Load Test	START	1621746714403
USER	Load Test	START	1621746714403
USER	Load Test	START	1621746714425
USER	Load Test	START	1621746714442
USER	Load Test	START	1621746714470
USER	Load Test	START	1621746714483
USER	Load Test	START	1621746714502
USER	Load Test	START	1621746714523
USER	Load Test	START	1621746714545
USER	Load Test	START	1621746714565
USER	Load Test	START	1621746714583
USER	Load Test	START	1621746714603
USER	Load Test	START	1621746714625
USER	Load Test	START	1621746714643
USER	Load Test	START	1621746714665
USER	Load Test	START	1621746714688
USER	Load Test	START	1621746714703
USER	Load Test	START	1621746714723
USER	Load Test	START	1621746714746
USER	Load Test	START	1621746714765
USER	Load Test	START	1621746714783
USER	Load Test	START	1621746714803
USER	Load Test	START	1621746714825
USER	Load Test	START	1621746714846
USER	Load Test	START	1621746714865
USER	Load Test	START	1621746714883
USER	Load Test	START	1621746714904
USER	Load Test	START	1621746714925
USER	Load Test	START	1621746714945
USER	Load Test	START	1621746714966
USER	Load Test	START	1621746714983
USER	Load Test	START	1621746715003
USER	Load Test	START	1621746715024
USER	Load Test	START	1621746715043
USER	Load Test	START	1621746715066
USER	Load Test	START	1621746715087
USER	Load Test	START	1621746715106
USER	Load Test	START	1621746715124
USER	Load Test	START	1621746715148
USER	Load Test	START	1621746715167
USER	Load Test	START	1621746715185
USER	Load Test	START	1621746715204
USER	Load Test	START	1621746715226
USER	Load Test	START	1621746715246
USER	Load Test	START	1621746715266
USER	Load Test	START	1621746715284
USER	Load Test	START	1621746715308
USER	Load Test	START	1621746715328
USER	Load Test	START	1621746715343
USER	Load Test	START	1621746715365
USER	Load Test	START	1621746715386
USER	Load Test	START	1621746715404
USER	Load Test	START	1621746715425
USER	Load Test	START	1621746715445
USER	Load Test	START	1621746715468
USER	Load Test	START	1621746715485
USER	Load Test	START	1621746715504
USER	Load Test	START	1621746715525
USER	Load Test	START	1621746715549
USER	Load Test	START	1621746715566
USER	Load Test	START	1621746715584
USER	Load Test	START	1621746715604
USER	Load Test	START	1621746715625
USER	Load Test	START	1621746715645
USER	Load Test	START	1621746715667
USER	Load Test	START	1621746715685
REQUEST		GET /search?q=/shoes	1621746716226	1621746718706	OK	 
REQUEST		GET /search?q=/shoes	1621746716230	1621746718782	OK	 
REQUEST		GET /search?q=/shoes	1621746716490	1621746720403	OK	 
REQUEST		GET /search?q=/shoes	1621746716257	1621746720415	OK	 
REQUEST		GET /search?q=/shoes	1621746716233	1621746720437	OK	 
REQUEST		GET /search?q=/shoes	1621746716230	1621746720472	OK	 
REQUEST		GET /search?q=/shoes	1621746716235	1621746720509	OK	 
REQUEST		GET /search?q=/shoes	1621746716226	1621746720538	OK	 
REQUEST		GET /search?q=/shoes	1621746716257	1621746720549	OK	 
REQUEST		GET /search?q=/shoes	1621746716237	1621746720550	OK	 
REQUEST		GET /search?q=/shoes	1621746716226	1621746720659	OK	 
REQUEST		GET /search?q=/shoes	1621746716257	1621746720810	OK	 
REQUEST		GET /search?q=/shoes	1621746732380	1621746734469	OK	 
REQUEST		GET /search?q=/shoes	1621746732352	1621746734478	OK	 
REQUEST		GET /search?q=/shoes	1621746732377	1621746736313	OK	 
REQUEST		GET /search?q=/shoes	1621746732383	1621746736314	OK	 
REQUEST		GET /search?q=/shoes	1621746732376	1621746736324	OK	 
REQUEST		GET /search?q=/shoes	1621746732381	1621746736377	OK	 
REQUEST		GET /search?q=/shoes	1621746732376	1621746736377	OK	 
REQUEST		GET /search?q=/shoes	1621746732355	1621746736392	OK	 
REQUEST		GET /search?q=/shoes	1621746732376	1621746736415	OK	 
REQUEST		GET /search?q=/shoes	1621746732377	1621746736553	OK	 
REQUEST		GET /search?q=/shoes	1621746732382	1621746736573	OK	 
REQUEST		GET /search?q=/shoes	1621746732380	1621746736573	OK	 
REQUEST		GET /search?q=/shoes	1621746736257	1621746740252	OK	 
REQUEST		GET /search?q=/shoes	1621746745847	1621746747946	OK	 
REQUEST		GET /search?q=/shoes	1621746745845	1621746748008	OK	 
REQUEST		GET /search?q=/shoes	1621746744803	1621746748858	OK	 
REQUEST		GET /search?q=/shoes	1621746745883	1621746749703	OK	 
REQUEST		GET /search?q=/shoes	1621746745883	1621746749709	OK	 
REQUEST		GET /search?q=/shoes	1621746745870	1621746749749	OK	 
REQUEST		GET /search?q=/shoes	1621746745878	1621746749749	OK	 
REQUEST		GET /search?q=/shoes	1621746745885	1621746749767	OK	 
REQUEST		GET /search?q=/shoes	1621746745872	1621746749790	OK	 
REQUEST		GET /search?q=/shoes	1621746745844	1621746749791	OK	 
REQUEST		GET /search?q=/shoes	1621746745878	1621746749858	OK	 
REQUEST		GET /search?q=/shoes	1621746746136	1621746750032	OK	 
REQUEST		GET /search?q=/shoes	1621746758581	1621746760668	OK	 
REQUEST		GET /search?q=/shoes	1621746758559	1621746760814	OK	 
REQUEST		GET /search?q=/shoes	1621746758559	1621746762519	OK	 
REQUEST		GET /search?q=/shoes	1621746758589	1621746762520	OK	 
REQUEST		GET /search?q=/shoes	1621746758588	1621746762528	OK	 
REQUEST		GET /search?q=/shoes	1621746758559	1621746762550	OK	 
REQUEST		GET /search?q=/shoes	1621746758585	1621746762592	OK	 
REQUEST		GET /search?q=/shoes	1621746758746	1621746762626	OK	 
REQUEST		GET /search?q=/shoes	1621746758598	1621746762707	OK	 
REQUEST		GET /search?q=/shoes	1621746758444	1621746762729	OK	 
REQUEST		GET /search?q=/shoes	1621746758590	1621746762762	OK	 
REQUEST		GET /search?q=/shoes	1621746758556	1621746763309	OK	 
REQUEST		GET /search?q=/shoes	1621746769425	1621746773435	OK	 
REQUEST		GET /search?q=/shoes	1621746771493	1621746773589	OK	 
REQUEST		GET /search?q=/shoes	1621746770290	1621746774229	OK	 
REQUEST		GET /search?q=/shoes	1621746771303	1621746775193	OK	 
REQUEST		GET /search?q=/shoes	1621746771304	1621746775201	OK	 
REQUEST		GET /search?q=/shoes	1621746771286	1621746775219	OK	 
REQUEST		GET /search?q=/shoes	1621746771302	1621746775227	OK	 
REQUEST		GET /search?q=/shoes	1621746771302	1621746775235	OK	 
REQUEST		GET /search?q=/shoes	1621746771302	1621746775245	OK	 
REQUEST		GET /search?q=/shoes	1621746771302	1621746775254	OK	 
REQUEST		GET /search?q=/shoes	1621746771303	1621746775273	OK	 
REQUEST		GET /search?q=/shoes	1621746771302	1621746775279	OK	 
REQUEST		GET /search?q=/shoes	1621746783815	1621746785984	OK	 
REQUEST		GET /search?q=/shoes	1621746783993	1621746786110	OK	 
REQUEST		GET /search?q=/shoes	1621746784002	1621746786547	OK	 
REQUEST		GET /search?q=/shoes	1621746783986	1621746787791	OK	 
REQUEST		GET /search?q=/shoes	1621746783993	1621746787806	OK	 
REQUEST		GET /search?q=/shoes	1621746783980	1621746787839	OK	 
REQUEST		GET /search?q=/shoes	1621746783991	1621746787846	OK	 
REQUEST		GET /search?q=/shoes	1621746783994	1621746787849	OK	 
REQUEST		GET /search?q=/shoes	1621746783995	1621746787942	OK	 
USER	Load Test	END	1621746720033
USER	Load Test	END	1621746721653
USER	Load Test	END	1621746722838
USER	Load Test	END	1621746723996
USER	Load Test	END	1621746725204
USER	Load Test	END	1621746726084
USER	Load Test	END	1621746727021
USER	Load Test	END	1621746728141
USER	Load Test	END	1621746729090
USER	Load Test	END	1621746730096
USER	Load Test	END	1621746731116
USER	Load Test	END	1621746732199
USER	Load Test	END	1621746735195
USER	Load Test	END	1621746736062
USER	Load Test	END	1621746736998
USER	Load Test	END	1621746737897
USER	Load Test	END	1621746738772
USER	Load Test	END	1621746739593
USER	Load Test	END	1621746740535
USER	Load Test	END	1621746741389
REQUEST		GET /search?q=/shoes	1621746784038	1621746788057	OK	 
REQUEST		GET /search?q=/shoes	1621746783990	1621746788180	OK	 
REQUEST		GET /search?q=/shoes	1621746783990	1621746788187	OK	 
REQUEST		GET /search?q=/shoes	1621746796874	1621746800435	OK	 
REQUEST		GET /search?q=/shoes	1621746796875	1621746800874	OK	 
REQUEST		GET /search?q=/shoes	1621746797006	1621746800888	OK	 
USER	Load Test	END	1621746742234
USER	Load Test	END	1621746743060
USER	Load Test	END	1621746743927
USER	Load Test	END	1621746744807
USER	Load Test	END	1621746745742
USER	Load Test	END	1621746748727
USER	Load Test	END	1621746749771
USER	Load Test	END	1621746750597
USER	Load Test	END	1621746751408
USER	Load Test	END	1621746752279
USER	Load Test	END	1621746753112
USER	Load Test	END	1621746754049
USER	Load Test	END	1621746754884
USER	Load Test	END	1621746755727
USER	Load Test	END	1621746756624
USER	Load Test	END	1621746757462
USER	Load Test	END	1621746758448
USER	Load Test	END	1621746761448
USER	Load Test	END	1621746762345
USER	Load Test	END	1621746763390
REQUEST		GET /search?q=/shoes	1621746797006	1621746800897	OK	 
REQUEST		GET /search?q=/shoes	1621746796770	1621746801015	OK	 
REQUEST		GET /search?q=/shoes	1621746796874	1621746801019	OK	 
REQUEST		GET /search?q=/shoes	1621746796771	1621746801033	OK	 
USER	Load Test	END	1621746764327
USER	Load Test	END	1621746765133
USER	Load Test	END	1621746765986
USER	Load Test	END	1621746766862
USER	Load Test	END	1621746767696
USER	Load Test	END	1621746768563
USER	Load Test	END	1621746769429
USER	Load Test	END	1621746770300
USER	Load Test	END	1621746771142
USER	Load Test	END	1621746774125
USER	Load Test	END	1621746774996
USER	Load Test	END	1621746776005
USER	Load Test	END	1621746776934
USER	Load Test	END	1621746777761
USER	Load Test	END	1621746778601
USER	Load Test	END	1621746779479
USER	Load Test	END	1621746780300
USER	Load Test	END	1621746781201
USER	Load Test	END	1621746782115
USER	Load Test	END	1621746782952
REQUEST		GET /search?q=/shoes	1621746796872	1621746801033	OK	 
REQUEST		GET /search?q=/shoes	1621746796776	1621746801034	OK	 
REQUEST		GET /search?q=/shoes	1621746796875	1621746801060	OK	 
REQUEST		GET /search?q=/shoes	1621746796872	1621746801112	OK	 
REQUEST		GET /search?q=/shoes	1621746796773	1621746801142	OK	 
REQUEST		GET /search?q=/shoes	1621746811019	1621746813248	OK	 
USER	Load Test	END	1621746783818
USER	Load Test	END	1621746786643
USER	Load Test	END	1621746787506
USER	Load Test	END	1621746788388
USER	Load Test	END	1621746789238
USER	Load Test	END	1621746790120
USER	Load Test	END	1621746790945
USER	Load Test	END	1621746791824
USER	Load Test	END	1621746792672
USER	Load Test	END	1621746793595
USER	Load Test	END	1621746794535
USER	Load Test	END	1621746795624
USER	Load Test	END	1621746796663
USER	Load Test	END	1621746800579
USER	Load Test	END	1621746801630
USER	Load Test	END	1621746802534
USER	Load Test	END	1621746803448
USER	Load Test	END	1621746804350
USER	Load Test	END	1621746805270
USER	Load Test	END	1621746806179
REQUEST		GET /search?q=/shoes	1621746811008	1621746813529	OK	 
REQUEST		GET /search?q=/shoes	1621746811024	1621746813941	OK	 
REQUEST		GET /search?q=/shoes	1621746810884	1621746814734	OK	 
USER	Load Test	END	1621746807134
USER	Load Test	END	1621746808077
USER	Load Test	END	1621746808976
USER	Load Test	END	1621746809972
USER	Load Test	END	1621746810888
USER	Load Test	END	1621746814117
USER	Load Test	END	1621746815128
USER	Load Test	END	1621746816100
USER	Load Test	END	1621746817031
REQUEST		GET /search?q=/shoes	1621746811014	1621746814814	OK	 
USER	Load Test	END	1621746818035
REQUEST		GET /search?q=/shoes	1621746811014	1621746814836	OK	 
USER	Load Test	END	1621746819139
REQUEST		GET /search?q=/shoes	1621746811001	1621746814837	OK	 
USER	Load Test	END	1621746820196
REQUEST		GET /search?q=/shoes	1621746811009	1621746814862	OK	 
USER	Load Test	END	1621746821121
REQUEST		GET /search?q=/shoes	1621746811027	1621746814872	OK	 
USER	Load Test	END	1621746822047
REQUEST		GET /search?q=/shoes	1621746811157	1621746815052	OK	 
USER	Load Test	END	1621746823012
REQUEST		GET /search?q=/shoes	1621746811008	1621746815059	OK	 
USER	Load Test	END	1621746823888
REQUEST		GET /search?q=/shoes	1621746811196	1621746815110	OK	 
USER	Load Test	END	1621746824760
REQUEST		GET /search?q=/shoes	1621746827291	1621746827385	KO	performance/GoogleSearch.feature:11 status 200
USER	Load Test	END	1621746827388
REQUEST		GET /search?q=/shoes	1621746827347	1621746827432	KO	performance/GoogleSearch.feature:11 status 200
USER	Load Test	END	1621746827439
REQUEST		GET /search?q=/shoes	1621746827389	1621746827489	KO	performance/GoogleSearch.feature:11 status 200
USER	Load Test	END	1621746827491
